********************************************************************************
DUPLICATOR-LITE PACKAGE-LOG: August 14, 2022 11:01 am
NOTICE: Do NOT post to public sites or forums 
********************************************************************************
VERSION:	1.4.7.1
WORDPRESS:	6.0.1
PHP INFO:	7.4.30 | SAPI: apache2handler
SERVER:		Apache/2.4.54 (Debian) 
PHP TIME LIMIT: (0) no time limit imposed 
PHP MAX MEMORY: 4294967296 (500M default) 
MEMORY STACK: 2MB

********************************************************************************
DATABASE:
********************************************************************************
BUILD MODE:   PHP(query limit - 100)
MYSQLTIMEOUT: 5000
MYSQLDUMP:    Not Supported
TABLES: total:14 | filtered:0 | create:14
FILTERED: []
SQL CREATED: duplicator_first_558bcd17fc1324285626_20220814110019_database.sql
SQL FILE SIZE: 2.38MB (2498180)
SQL FILE TIME: 2022-08-14 11:01:27
SQL RUNTIME: 0.22 sec.

********************************************************************************
ARCHIVE (ZIP):
********************************************************************************
ARCHIVE DIR:  /var/www/html
ARCHIVE FILE: duplicator_first_558bcd17fc1324285626_20220814110019_archive.zip
FILTERS: *OFF*
DIRS:
	not set
FILES:
	not set
EXTS:  not set
----------------------------------------
COMPRESSING
SIZE:	207.54MB
STATS:	Dirs 1,266 | Files 7,661
SQL ADDED: duplicator_first_558bcd17fc1324285626_20220814110019_database.sql
ZipArchive Object
(
    [status] => 0
    [statusSys] => 0
    [numFiles] => 8927
    [filename] => /var/www/html/wp-content/backups-dup-lite/tmp/duplicator_first_558bcd17fc1324285626_20220814110019_archive.zip
    [comment] => 
)

FILE ADDED TO ZIP: 8926
[PHP ERR][NOTICE] MSG:ob_flush(): failed to flush buffer. No buffer to flush [CODE:8|FILE:/var/www/html/wp-content/plugins/duplicator/classes/utilities/class.u.php|LINE:171]
do_action('wp_ajax_duplicator_package_build'), WP_Hook->do_action, WP_Hook->apply_filters, duplicator_package_build, DUP_Package->runZipBuild, DUP_Archive->build, DUP_Zip::create, DUP_Util::fcgiFlush, ob_flush, DUP_Handler::error, DUP_Handler::getMessage
COMPRESSION RESULT: '1'
COMPRESSED SIZE: 117.84MB
ARCHIVE RUNTIME: 13.85 sec.
MEMORY STACK: 4MB
building installer
add_extra_files1
add_extra_files2
add_extra_files3
add_extra_files4
Doing archive file check
add_extra_files5
add_extra_files6
add_extra_files8
Successfully opened zip /var/www/html/wp-content/backups-dup-lite/tmp/duplicator_first_558bcd17fc1324285626_20220814110019_archive.zip
Adding enhanced installer files to archive using ZipArchive
Installer files added to archive
Added to archive
After ziparchive close when adding installer

********************************************************************************
INTEGRITY CHECKS:
********************************************************************************
SQL FILE: 2.38MB
INSTALLER FILE: 64.74KB
ARCHIVE FILE: 118.89MB 
EXPECTED FILE/DIRECTORY COUNT: 8,927
ACTUAL FILE/DIRECTORY COUNT: 8,926
ARCHIVE CONSISTENCY TEST: Pass

********************************************************************************
RECORD ID:[1]
TOTAL PROCESS RUNTIME: 15.25 sec.
PEAK PHP MEMORY USED: 10MB
DONE PROCESSING => duplicator_first August 14, 2022 11:01 am

